0 info it worked if it ends with ok
1 verbose cli [ '/usr/bin/node', '/usr/bin/npm', 'run', 'dev' ]
2 info using npm@3.5.2
3 info using node@v8.10.0
4 verbose run-script [ 'predev', 'dev', 'postdev' ]
5 info lifecycle sweep2@1.0.0~predev: sweep2@1.0.0
6 silly lifecycle sweep2@1.0.0~predev: no script for predev, continuing
7 info lifecycle sweep2@1.0.0~dev: sweep2@1.0.0
8 verbose lifecycle sweep2@1.0.0~dev: unsafe-perm in lifecycle true
9 verbose lifecycle sweep2@1.0.0~dev: PATH: /usr/share/npm/bin/node-gyp-bin:/mnt/c/Users/amalt/Downloads/work/code/sweep2/node_modules/.bin:/usr/local/sbin:/usr/local/bin:/usr/sbin:/usr/bin:/sbin:/bin:/usr/games:/usr/local/games:/usr/lib/wsl/lib:/mnt/c/ProgramData/Oracle/Java/javapath:/mnt/c/Windows/system32:/mnt/c/Windows:/mnt/c/Windows/System32/Wbem:/mnt/c/Windows/System32/WindowsPowerShell/v1.0/:/mnt/c/Windows/System32/OpenSSH/:/mnt/c/Program Files/NVIDIA Corporation/NVIDIA NvDLISR:/mnt/c/Program Files (x86)/NVIDIA Corporation/PhysX/Common:/mnt/c/Program Files/dotnet/:/mnt/c/Program Files/Git/cmd:/mnt/c/Program Files/Docker/Docker/resources/bin:/mnt/c/ProgramData/DockerDesktop/version-bin:/mnt/c/Program Files/nodejs/:/mnt/c/ProgramData/chocolatey/bin:/mnt/c/Users/amalt/AppData/Local/Microsoft/WindowsApps:/mnt/c/Users/amalt/AppData/Local/Programs/Microsoft VS Code/bin:/mnt/c/Users/amalt/AppData/Roaming/npm:/mnt/c/tools/neovim/Neovim/bin
10 verbose lifecycle sweep2@1.0.0~dev: CWD: /mnt/c/Users/amalt/Downloads/work/code/sweep2
11 silly lifecycle sweep2@1.0.0~dev: Args: [ '-c', 'nodemon src/app.ts' ]
12 info lifecycle sweep2@1.0.0~dev: Failed to exec dev script
13 verbose stack Error: sweep2@1.0.0 dev: `nodemon src/app.ts`
13 verbose stack spawn ENOENT
13 verbose stack     at ChildProcess.<anonymous> (/usr/share/npm/lib/utils/spawn.js:17:16)
13 verbose stack     at emitTwo (events.js:126:13)
13 verbose stack     at ChildProcess.emit (events.js:214:7)
13 verbose stack     at maybeClose (internal/child_process.js:925:16)
13 verbose stack     at Process.ChildProcess._handle.onexit (internal/child_process.js:209:5)
14 verbose pkgid sweep2@1.0.0
15 verbose cwd /mnt/c/Users/amalt/Downloads/work/code/sweep2
16 error Linux 5.10.16.3-microsoft-standard-WSL2
17 error argv "/usr/bin/node" "/usr/bin/npm" "run" "dev"
18 error node v8.10.0
19 error npm  v3.5.2
20 error file sh
21 error code ELIFECYCLE
22 error errno ENOENT
23 error syscall spawn
24 error sweep2@1.0.0 dev: `nodemon src/app.ts`
24 error spawn ENOENT
25 error Failed at the sweep2@1.0.0 dev script 'nodemon src/app.ts'.
25 error Make sure you have the latest version of node.js and npm installed.
25 error If you do, this is most likely a problem with the sweep2 package,
25 error not with npm itself.
25 error Tell the author that this fails on your system:
25 error     nodemon src/app.ts
25 error You can get information on how to open an issue for this project with:
25 error     npm bugs sweep2
25 error Or if that isn't available, you can get their info via:
25 error     npm owner ls sweep2
25 error There is likely additional logging output above.
26 verbose exit [ 1, true ]
